Change Physical Footprint: Designator=C1 Old Footprint=TC_A New Footprint=TC_A
Change Physical Footprint: Designator=C2 Old Footprint=TC_A New Footprint=TC_A
Change Physical Footprint: Designator=DD1 Old Footprint=RPI New Footprint=RPI
Change Physical Footprint: Designator=DD2 Old Footprint=DIP16_in_socket New Footprint=DIP16_in_socket
Change Physical Footprint: Designator=DD3 Old Footprint=STM32F103C8T6_board New Footprint=STM32F103C8T6_board
Change Physical Footprint: Designator=DD4 Old Footprint=DIP16_in_socket New Footprint=DIP16_in_socket
Change Physical Footprint: Designator=HL1 Old Footprint=0805D New Footprint=0805D
Change Physical Footprint: Designator=HL2 Old Footprint=0805D New Footprint=0805D
Change Physical Footprint: Designator=R1 Old Footprint=0805R New Footprint=0805R
Change Physical Footprint: Designator=R2 Old Footprint=0805R New Footprint=0805R
Change Physical Footprint: Designator=R3 Old Footprint=0603R New Footprint=0603R
Change Physical Footprint: Designator=R4 Old Footprint=0603R New Footprint=0603R
Change Physical Footprint: Designator=VD1 Old Footprint=SMB New Footprint=SMB
Change Physical Footprint: Designator=X1 Old Footprint=XT30UPB-F New Footprint=XT30UPB-F
Change Physical Footprint: Designator=X2 Old Footprint=XT30UPB-F New Footprint=XT30UPB-F
Change Physical Footprint: Designator=X3 Old Footprint=XT30UPB-F New Footprint=XT30UPB-F
Change Physical Footprint: Designator=XP1 Old Footprint=DIN41612_32_2row_right_angle_father New Footprint=DIN41612_32_2row_right_angle_father
Change Physical Footprint: Designator=XP2 Old Footprint=1-1734577-3-rj45-8p8c New Footprint=1-1734577-3-rj45-8p8c
Change Physical Footprint: Designator=XP3 Old Footprint=XT30PW-M New Footprint=XT30PW-M
Change Physical Footprint: Designator=XP4 Old Footprint=XT30PW-M New Footprint=XT30PW-M
Change Physical Footprint: Designator=XP5 Old Footprint=Molex_430450218 New Footprint=Molex_430450218
Change Physical Footprint: Designator=XP6 Old Footprint=CWF-5 New Footprint=CWF-5
Change Physical Footprint: Designator=XP7 Old Footprint=Molex_430450218 New Footprint=Molex_430450218
