Added Component: Designator=XP3(1-1734577-3-rj45-8p8c)
Add component (AddParameter): Name = "Part Number"; Value = "1-1734577-3-rj45-8p8c"; VariantName = "[No Variations]"
Added Component: Designator=XP?(1-1734577-3-rj45-8p8c)
Add component (AddParameter): Name = "Part Number"; Value = "1-1734577-3-rj45-8p8c"; VariantName = "[No Variations]"
Add Pin To Net: Unknown Pin: Pin DD1-2
Add Pin To Net: Unknown Pin: Pin DD1-3
Add Pin To Net: Unknown Pin: Pin DD1-4
Add Pin To Net: Unknown Pin: Pin DD1-5
Add Pin To Net: Unknown Pin: Pin DD1-6
Add Pin To Net: Unknown Pin: Pin DD1-7
Add Pin To Net: Unknown Pin: Pin DD1-8
Add Pin To Net: Unknown Pin: Pin DD1-9
Add Pin To Net: Unknown Pin: Pin DD1-10
Add Pin To Net: Unknown Pin: Pin DD1-14
Add Pin To Net: Unknown Pin: Pin DD1-20
Add Pin To Net: Unknown Pin: Pin DD1-21
Add Pin To Net: Unknown Pin: Pin DD1-24
Add Pin To Net: Unknown Pin: Pin DD1-25
Add Pin To Net: Unknown Pin: Pin DD1-27
Add Pin To Net: Unknown Pin: Pin DD1-28
Add Pin To Net: Unknown Pin: Pin DD1-29
Add Pin To Net: Unknown Pin: Pin DD1-30
Add Pin To Net: Unknown Pin: Pin DD1-32
Add Pin To Net: Unknown Pin: Pin DD1-33
Add Pin To Net: Unknown Pin: Pin DD1-34
Add Pin To Net: Unknown Pin: Pin DD1-39
Added Pin To Net: NetName=ethernet 1_P Pin=XP?-1
Added Pin To Net: NetName=ethernet 1_N Pin=XP?-2
Added Pin To Net: NetName=ethernet 2_P Pin=XP?-3
Added Pin To Net: NetName=ethernet 3_P Pin=XP?-4
Added Pin To Net: NetName=ethernet 3_N Pin=XP?-5
Added Pin To Net: NetName=ethernet 2_N Pin=XP?-6
Added Pin To Net: NetName=ethernet 4_P Pin=XP?-7
Added Pin To Net: NetName=ethernet 4_N Pin=XP?-8
Add Class Member: Failed to add class member : Component DD1 RPI 4B
Added Member To Class: ClassName=Main Member=Component XP3 1734577-3
Added Member To Class: ClassName=Connectors Member=Component XP? 1734577-3
